--------------> 2021-09-11 08:26:01 [background-preinit] INFO  o.h.validator.internal.util.Version - HV000001: Hibernate Validator 6.1.5.Final
--------------> 2021-09-11 08:26:01 [main] INFO  c.a.n.c.c.i.LocalConfigInfoProcessor - LOCAL_SNAPSHOT_PATH:/Users/sunweiran/nacos/config
--------------> 2021-09-11 08:26:02 [main] WARN  c.a.c.n.c.NacosPropertySourceBuilder - Ignore the empty nacos configuration and get it based on dataId[jouav-cloud-mission-planning] & group[DEFAULT_GROUP]
--------------> 2021-09-11 08:26:02 [main] WARN  c.a.c.n.c.NacosPropertySourceBuilder - Ignore the empty nacos configuration and get it based on dataId[jouav-cloud-mission-planning.yaml] & group[DEFAULT_GROUP]
--------------> 2021-09-11 08:26:02 [main] INFO  c.a.n.client.config.utils.JvmUtil - isMultiInstance:false
--------------> 2021-09-11 08:26:02 [main] INFO  o.s.c.b.c.PropertySourceBootstrapConfiguration - Located property source: [BootstrapPropertySource {name='bootstrapProperties-jouav-cloud-mission-planning-weiran.yaml,DEFAULT_GROUP'}, BootstrapPropertySource {name='bootstrapProperties-jouav-cloud-mission-planning.yaml,DEFAULT_GROUP'}, BootstrapPropertySource {name='bootstrapProperties-jouav-cloud-mission-planning,DEFAULT_GROUP'}]
--------------> 2021-09-11 08:26:02 [main] INFO  c.w.m.api.MissionPlanningApplication - The following profiles are active: weiran
--------------> 2021-09-11 08:26:03 [main] INFO  o.s.d.r.c.RepositoryConfigurationDelegate - Multiple Spring Data modules found, entering strict repository configuration mode!
--------------> 2021-09-11 08:26:03 [main] INFO  o.s.d.r.c.RepositoryConfigurationDelegate - Bootstrapping Spring Data Redis repositories in DEFAULT mode.
--------------> 2021-09-11 08:26:03 [main] INFO  o.s.d.r.c.RepositoryConfigurationDelegate - Finished Spring Data repository scanning in 6ms. Found 0 Redis repository interfaces.
--------------> 2021-09-11 08:26:03 [main] WARN  o.s.boot.actuate.endpoint.EndpointId - Endpoint ID 'service-registry' contains invalid characters, please migrate to a valid format.
--------------> 2021-09-11 08:26:03 [main] WARN  o.m.s.mapper.ClassPathMapperScanner - No MyBatis mapper was found in '[com.weiran.missionplanning.api]' package. Please check your configuration.
--------------> 2021-09-11 08:26:03 [main] INFO  o.s.cloud.context.scope.GenericScope - BeanFactory id=8bb8d342-2b06-3696-94fa-027309df81d8
--------------> 2021-09-11 08:26:03 [main] INFO  o.s.i.c.DefaultConfiguringBeanFactoryPostProcessor - No bean named 'errorChannel' has been explicitly defined. Therefore, a default PublishSubscribeChannel will be created.
--------------> 2021-09-11 08:26:03 [main] INFO  o.s.i.c.DefaultConfiguringBeanFactoryPostProcessor - No bean named 'taskScheduler' has been explicitly defined. Therefore, a default ThreadPoolTaskScheduler will be created.
--------------> 2021-09-11 08:26:03 [main] INFO  o.s.i.c.DefaultConfiguringBeanFactoryPostProcessor - No bean named 'integrationHeaderChannelRegistry' has been explicitly defined. Therefore, a default DefaultHeaderChannelRegistry will be created.
--------------> 2021-09-11 08:26:03 [main] INFO  o.s.c.s.PostProcessorRegistrationDelegate$BeanPostProcessorChecker - Bean 'org.springframework.integration.config.IntegrationManagementConfiguration' of type [org.springframework.integration.config.IntegrationManagementConfiguration] is not eligible for getting processed by all BeanPostProcessors (for example: not eligible for auto-proxying)
--------------> 2021-09-11 08:26:03 [main] INFO  o.s.c.s.PostProcessorRegistrationDelegate$BeanPostProcessorChecker - Bean 'org.springframework.boot.autoconfigure.integration.IntegrationAutoConfiguration$IntegrationJmxConfiguration' of type [org.springframework.boot.autoconfigure.integration.IntegrationAutoConfiguration$IntegrationJmxConfiguration] is not eligible for getting processed by all BeanPostProcessors (for example: not eligible for auto-proxying)
--------------> 2021-09-11 08:26:03 [main] INFO  o.s.c.s.PostProcessorRegistrationDelegate$BeanPostProcessorChecker - Bean 'org.springframework.boot.autoconfigure.jmx.JmxAutoConfiguration' of type [org.springframework.boot.autoconfigure.jmx.JmxAutoConfiguration] is not eligible for getting processed by all BeanPostProcessors (for example: not eligible for auto-proxying)
--------------> 2021-09-11 08:26:03 [main] INFO  o.s.c.s.PostProcessorRegistrationDelegate$BeanPostProcessorChecker - Bean 'mbeanServer' of type [com.sun.jmx.mbeanserver.JmxMBeanServer] is not eligible for getting processed by all BeanPostProcessors (for example: not eligible for auto-proxying)
--------------> 2021-09-11 08:26:03 [main] INFO  o.s.c.s.PostProcessorRegistrationDelegate$BeanPostProcessorChecker - Bean 'integrationChannelResolver' of type [org.springframework.integration.support.channel.BeanFactoryChannelResolver] is not eligible for getting processed by all BeanPostProcessors (for example: not eligible for auto-proxying)
--------------> 2021-09-11 08:26:03 [main] INFO  o.s.c.s.PostProcessorRegistrationDelegate$BeanPostProcessorChecker - Bean 'integrationDisposableAutoCreatedBeans' of type [org.springframework.integration.config.annotation.Disposables] is not eligible for getting processed by all BeanPostProcessors (for example: not eligible for auto-proxying)
--------------> 2021-09-11 08:26:03 [main] INFO  o.s.b.w.e.tomcat.TomcatWebServer - Tomcat initialized with port(s): 8908 (http)
--------------> 2021-09-11 08:26:03 [main] INFO  o.a.coyote.http11.Http11NioProtocol - Initializing ProtocolHandler ["http-nio-8908"]
--------------> 2021-09-11 08:26:03 [main] INFO  o.a.catalina.core.StandardService - Starting service [Tomcat]
--------------> 2021-09-11 08:26:03 [main] INFO  o.a.catalina.core.StandardEngine - Starting Servlet engine: [Apache Tomcat/9.0.37]
--------------> 2021-09-11 08:26:03 [main] INFO  o.a.c.c.C.[Tomcat].[localhost].[/] - Initializing Spring embedded WebApplicationContext
--------------> 2021-09-11 08:26:03 [main] INFO  o.s.b.w.s.c.ServletWebServerApplicationContext - Root WebApplicationContext: initialization completed in 1674 ms
--------------> 2021-09-11 08:26:03 [main] WARN  c.n.c.sources.URLConfigurationSource - No URLs will be polled as dynamic configuration sources.
--------------> 2021-09-11 08:26:03 [main] INFO  c.n.c.sources.URLConfigurationSource - To enable URLs as dynamic configuration sources, define System property archaius.configurationSource.additionalUrls or make config.properties available on classpath.
--------------> 2021-09-11 08:26:03 [main] INFO  c.n.config.DynamicPropertyFactory - DynamicPropertyFactory is initialized with configuration sources: com.netflix.config.ConcurrentCompositeConfiguration@78d73b1b
--------------> 2021-09-11 08:26:04 [main] INFO  com.alibaba.nacos.client.naming - initializer namespace from System Property :null
--------------> 2021-09-11 08:26:04 [main] INFO  com.alibaba.nacos.client.naming - initializer namespace from System Environment :null
--------------> 2021-09-11 08:26:04 [main] INFO  com.alibaba.nacos.client.naming - initializer namespace from System Property :null
--------------> 2021-09-11 08:26:04 [main] INFO  c.a.d.s.b.a.DruidDataSourceAutoConfigure - Init DruidDataSource
--------------> 2021-09-11 08:26:08 [main] INFO  c.alibaba.druid.pool.DruidDataSource - {dataSource-1} inited
--------------> 2021-09-11 08:26:08 [main] INFO  o.s.s.c.ThreadPoolTaskScheduler - Initializing ExecutorService 'taskScheduler'
--------------> 2021-09-11 08:26:08 [main] INFO  o.s.b.a.e.web.EndpointLinksResolver - Exposing 26 endpoint(s) beneath base path '/actuator'
--------------> 2021-09-11 08:26:08 [main] INFO  s.d.s.w.PropertySourcedRequestMappingHandlerMapping - Mapped URL path [/v2/api-docs] onto method [springfox.documentation.swagger2.web.Swagger2Controller#getDocumentation(String, HttpServletRequest)]
--------------> 2021-09-11 08:26:08 [main] WARN  c.n.c.sources.URLConfigurationSource - No URLs will be polled as dynamic configuration sources.
--------------> 2021-09-11 08:26:08 [main] INFO  c.n.c.sources.URLConfigurationSource - To enable URLs as dynamic configuration sources, define System property archaius.configurationSource.additionalUrls or make config.properties available on classpath.
--------------> 2021-09-11 08:26:08 [main] INFO  o.s.s.c.ThreadPoolTaskExecutor - Initializing ExecutorService 'applicationTaskExecutor'
--------------> 2021-09-11 08:26:09 [main] INFO  o.s.c.f.c.c.SimpleFunctionRegistry - Looking up function '' with acceptedOutputTypes: []
--------------> 2021-09-11 08:26:09 [main] INFO  o.s.c.f.c.c.SimpleFunctionRegistry - Looking up function 'inMemorySwaggerResourcesProvider' with acceptedOutputTypes: []
--------------> 2021-09-11 08:26:09 [main] INFO  o.s.c.f.c.c.SimpleFunctionRegistry - Looking up function 'inMemorySwaggerResourcesProvider' with acceptedOutputTypes: []
--------------> 2021-09-11 08:26:09 [main] INFO  o.s.c.f.c.c.SimpleFunctionRegistry - Looking up function 'inMemorySwaggerResourcesProvider' with acceptedOutputTypes: []
--------------> 2021-09-11 08:26:09 [main] INFO  o.s.c.f.c.c.SimpleFunctionRegistry - Looking up function 'inMemorySwaggerResourcesProvider' with acceptedOutputTypes: [application/json]
--------------> 2021-09-11 08:26:09 [main] INFO  o.s.i.m.IntegrationMBeanExporter - Registering MessageChannel nullChannel
--------------> 2021-09-11 08:26:09 [main] INFO  o.s.i.m.IntegrationMBeanExporter - Registering MessageChannel errorChannel
--------------> 2021-09-11 08:26:09 [main] INFO  o.s.i.m.IntegrationMBeanExporter - Registering MessageChannel inMemorySwaggerResourcesProvider_integrationflow.channel#0
--------------> 2021-09-11 08:26:09 [main] INFO  o.s.i.m.IntegrationMBeanExporter - Registering MessageChannel inMemorySwaggerResourcesProvider-out-0
--------------> 2021-09-11 08:26:09 [main] INFO  o.s.i.m.IntegrationMBeanExporter - Registering MessageHandler errorLogger
--------------> 2021-09-11 08:26:09 [main] INFO  o.s.i.m.IntegrationMBeanExporter - Registering MessageHandler inMemorySwaggerResourcesProvider_integrationflow.org.springframework.integration.config.ConsumerEndpointFactoryBean#0
--------------> 2021-09-11 08:26:09 [main] INFO  o.s.i.m.IntegrationMBeanExporter - Registering MessageSource inMemorySwaggerResourcesProvider_integrationflow.org.springframework.integration.config.SourcePollingChannelAdapterFactoryBean#0
--------------> 2021-09-11 08:26:09 [main] INFO  o.s.i.endpoint.EventDrivenConsumer - Adding {logging-channel-adapter:_org.springframework.integration.errorLogger} as a subscriber to the 'errorChannel' channel
--------------> 2021-09-11 08:26:09 [main] INFO  o.s.i.c.PublishSubscribeChannel - Channel 'jouav-cloud-mission-planning-1.errorChannel' has 1 subscriber(s).
--------------> 2021-09-11 08:26:09 [main] INFO  o.s.i.endpoint.EventDrivenConsumer - started bean '_org.springframework.integration.errorLogger'
--------------> 2021-09-11 08:26:09 [main] INFO  o.s.i.endpoint.EventDrivenConsumer - Adding {router} as a subscriber to the 'inMemorySwaggerResourcesProvider_integrationflow.channel#0' channel
--------------> 2021-09-11 08:26:09 [main] INFO  o.s.i.channel.DirectChannel - Channel 'jouav-cloud-mission-planning-1.inMemorySwaggerResourcesProvider_integrationflow.channel#0' has 1 subscriber(s).
--------------> 2021-09-11 08:26:09 [main] INFO  o.s.i.endpoint.EventDrivenConsumer - started bean 'inMemorySwaggerResourcesProvider_integrationflow.org.springframework.integration.config.ConsumerEndpointFactoryBean#0'
--------------> 2021-09-11 08:26:09 [main] INFO  o.s.c.s.binder.DefaultBinderFactory - Creating binder: jouavcloud_rabbit
--------------> 2021-09-11 08:26:10 [main] WARN  c.a.c.n.c.NacosPropertySourceBuilder - Ignore the empty nacos configuration and get it based on dataId[jouav-cloud-mission-planning] & group[DEFAULT_GROUP]
--------------> 2021-09-11 08:26:10 [main] WARN  c.a.c.n.c.NacosPropertySourceBuilder - Ignore the empty nacos configuration and get it based on dataId[jouav-cloud-mission-planning.yaml] & group[DEFAULT_GROUP]
--------------> 2021-09-11 08:26:10 [main] INFO  o.s.c.b.c.PropertySourceBootstrapConfiguration - Located property source: [BootstrapPropertySource {name='bootstrapProperties-jouav-cloud-mission-planning-weiran.yaml,DEFAULT_GROUP'}, BootstrapPropertySource {name='bootstrapProperties-jouav-cloud-mission-planning.yaml,DEFAULT_GROUP'}, BootstrapPropertySource {name='bootstrapProperties-jouav-cloud-mission-planning,DEFAULT_GROUP'}]
--------------> 2021-09-11 08:26:10 [main] INFO  c.a.n.c.config.impl.ClientWorker - [fixed-121.36.18.64_8888-jouav-weiran] [subscribe] jouav-cloud-mission-planning-weiran.yaml+DEFAULT_GROUP+jouav-weiran
--------------> 2021-09-11 08:26:10 [main] INFO  c.a.n.client.config.impl.CacheData - [fixed-121.36.18.64_8888-jouav-weiran] [add-listener] ok, tenant=jouav-weiran, dataId=jouav-cloud-mission-planning-weiran.yaml, group=DEFAULT_GROUP, cnt=1
--------------> 2021-09-11 08:26:10 [main] INFO  c.a.n.c.config.impl.ClientWorker - [fixed-121.36.18.64_8888-jouav-weiran] [subscribe] jouav-cloud-mission-planning.yaml+DEFAULT_GROUP+jouav-weiran
--------------> 2021-09-11 08:26:10 [main] INFO  c.a.n.client.config.impl.CacheData - [fixed-121.36.18.64_8888-jouav-weiran] [add-listener] ok, tenant=jouav-weiran, dataId=jouav-cloud-mission-planning.yaml, group=DEFAULT_GROUP, cnt=1
--------------> 2021-09-11 08:26:10 [main] INFO  c.a.n.c.config.impl.ClientWorker - [fixed-121.36.18.64_8888-jouav-weiran] [subscribe] jouav-cloud-mission-planning+DEFAULT_GROUP+jouav-weiran
--------------> 2021-09-11 08:26:10 [main] INFO  c.a.n.client.config.impl.CacheData - [fixed-121.36.18.64_8888-jouav-weiran] [add-listener] ok, tenant=jouav-weiran, dataId=jouav-cloud-mission-planning, group=DEFAULT_GROUP, cnt=1
--------------> 2021-09-11 08:26:10 [main] INFO  o.s.c.s.binder.DefaultBinderFactory - Caching the binder: jouavcloud_rabbit
--------------> 2021-09-11 08:26:10 [main] INFO  o.s.c.s.binder.DefaultBinderFactory - Retrieving cached binder: jouavcloud_rabbit
--------------> 2021-09-11 08:26:10 [main] INFO  o.s.a.r.c.CachingConnectionFactory - Attempting to connect to: [121.36.73.16:5672]
--------------> 2021-09-11 08:26:10 [main] INFO  o.s.a.r.c.CachingConnectionFactory - Created new connection: rabbitConnectionFactory#5ad6f98e:0/SimpleConnection@73c09a98 [delegate=amqp://jouav@121.36.73.16:5672/zipkin_vhost, localPort= 62766]
--------------> 2021-09-11 08:26:10 [main] INFO  o.s.c.s.m.DirectWithAttributesChannel - Channel 'jouav-cloud-mission-planning-1.inMemorySwaggerResourcesProvider-out-0' has 1 subscriber(s).
--------------> 2021-09-11 08:26:11 [main] INFO  o.s.i.e.SourcePollingChannelAdapter - started bean 'inMemorySwaggerResourcesProvider_integrationflow.org.springframework.integration.config.SourcePollingChannelAdapterFactoryBean#0'
--------------> 2021-09-11 08:26:11 [main] INFO  o.a.coyote.http11.Http11NioProtocol - Starting ProtocolHandler ["http-nio-8908"]
--------------> 2021-09-11 08:26:11 [task-scheduler-1] INFO  o.s.a.r.c.CachingConnectionFactory - Attempting to connect to: [121.36.73.16:5672]
--------------> 2021-09-11 08:26:11 [main] INFO  o.s.b.w.e.tomcat.TomcatWebServer - Tomcat started on port(s): 8908 (http) with context path ''
--------------> 2021-09-11 08:26:11 [main] INFO  com.alibaba.nacos.client.naming - [BEAT] adding beat: BeatInfo{port=8908, ip='192.168.1.4', weight=1.0, serviceName='DEFAULT_GROUP@@jouav-cloud-mission-planning', cluster='DEFAULT', metadata={preserved.register.source=SPRING_CLOUD}, scheduled=false, period=5000, stopped=false} to beat map.
--------------> 2021-09-11 08:26:11 [main] INFO  com.alibaba.nacos.client.naming - [REGISTER-SERVICE] jouav-weiran registering service DEFAULT_GROUP@@jouav-cloud-mission-planning with instance: Instance{instanceId='null', ip='192.168.1.4', port=8908, weight=1.0, healthy=true, enabled=true, ephemeral=true, clusterName='DEFAULT', serviceName='null', metadata={preserved.register.source=SPRING_CLOUD}}
--------------> 2021-09-11 08:26:11 [main] INFO  c.a.c.n.r.NacosServiceRegistry - nacos registry, DEFAULT_GROUP jouav-cloud-mission-planning 192.168.1.4:8908 register finished
--------------> 2021-09-11 08:26:11 [main] INFO  s.d.s.w.p.DocumentationPluginsBootstrapper - Context refreshed
--------------> 2021-09-11 08:26:11 [main] INFO  s.d.s.w.p.DocumentationPluginsBootstrapper - Found 1 custom documentation plugin(s)
--------------> 2021-09-11 08:26:11 [main] INFO  s.d.s.w.s.ApiListingReferenceScanner - Scanning for api listing references
--------------> 2021-09-11 08:26:11 [task-scheduler-1] INFO  o.s.a.r.c.CachingConnectionFactory - Created new connection: rabbitConnectionFactory.publisher#6cefa726:0/SimpleConnection@2fb7ea1e [delegate=amqp://jouav@121.36.73.16:5672/zipkin_vhost, localPort= 62768]
--------------> 2021-09-11 08:26:11 [main] INFO  c.w.m.api.MissionPlanningApplication - Started MissionPlanningApplication in 10.604 seconds (JVM running for 11.025)
--------------> 2021-09-11 08:26:11 [RMI TCP Connection(4)-192.168.1.4] INFO  o.a.c.c.C.[Tomcat].[localhost].[/] - Initializing Spring DispatcherServlet 'dispatcherServlet'
--------------> 2021-09-11 08:26:11 [RMI TCP Connection(4)-192.168.1.4] INFO  o.s.web.servlet.DispatcherServlet - Initializing Servlet 'dispatcherServlet'
--------------> 2021-09-11 08:26:11 [RMI TCP Connection(4)-192.168.1.4] INFO  o.s.web.servlet.DispatcherServlet - Completed initialization in 6 ms
--------------> 2021-09-11 08:26:12 [com.alibaba.nacos.client.naming.updater] INFO  com.alibaba.nacos.client.naming - new ips(1) service: DEFAULT_GROUP@@jouav-cloud-mission-planning@@DEFAULT -> [{"instanceId":"192.168.1.4#8908#DEFAULT#DEFAULT_GROUP@@jouav-cloud-mission-planning","ip":"192.168.1.4","port":8908,"weight":1.0,"healthy":true,"enabled":true,"ephemeral":true,"clusterName":"DEFAULT","serviceName":"DEFAULT_GROUP@@jouav-cloud-mission-planning","metadata":{"preserved.register.source":"SPRING_CLOUD"},"ipDeleteTimeout":30000,"instanceHeartBeatInterval":5000,"instanceHeartBeatTimeOut":15000}]
--------------> 2021-09-11 08:26:12 [com.alibaba.nacos.client.naming.updater] INFO  com.alibaba.nacos.client.naming - current ips:(1) service: DEFAULT_GROUP@@jouav-cloud-mission-planning@@DEFAULT -> [{"instanceId":"192.168.1.4#8908#DEFAULT#DEFAULT_GROUP@@jouav-cloud-mission-planning","ip":"192.168.1.4","port":8908,"weight":1.0,"healthy":true,"enabled":true,"ephemeral":true,"clusterName":"DEFAULT","serviceName":"DEFAULT_GROUP@@jouav-cloud-mission-planning","metadata":{"preserved.register.source":"SPRING_CLOUD"},"ipDeleteTimeout":30000,"instanceHeartBeatInterval":5000,"instanceHeartBeatTimeOut":15000}]
--------------> 2021-09-11 08:27:12 [Thread-18] WARN  c.a.nacos.common.notify.NotifyCenter - [NotifyCenter] Start destroying Publisher
--------------> 2021-09-11 08:27:12 [Thread-2] WARN  c.a.n.c.http.HttpClientBeanHolder - [HttpClientBeanHolder] Start destroying common HttpClient
--------------> 2021-09-11 08:27:12 [Thread-18] WARN  c.a.nacos.common.notify.NotifyCenter - [NotifyCenter] Destruction of the end
--------------> 2021-09-11 08:27:12 [Thread-2] WARN  c.a.n.c.http.HttpClientBeanHolder - [HttpClientBeanHolder] Destruction of the end
--------------> 2021-09-11 08:27:12 [SpringContextShutdownHook] INFO  o.s.i.e.SourcePollingChannelAdapter - stopped bean 'inMemorySwaggerResourcesProvider_integrationflow.org.springframework.integration.config.SourcePollingChannelAdapterFactoryBean#0'
--------------> 2021-09-11 08:27:12 [SpringContextShutdownHook] INFO  o.s.s.c.ThreadPoolTaskScheduler - Shutting down ExecutorService 'taskScheduler'
--------------> 2021-09-11 08:27:12 [SpringContextShutdownHook] INFO  o.s.i.endpoint.EventDrivenConsumer - Removing {logging-channel-adapter:_org.springframework.integration.errorLogger} as a subscriber to the 'errorChannel' channel
--------------> 2021-09-11 08:27:12 [SpringContextShutdownHook] INFO  o.s.i.c.PublishSubscribeChannel - Channel 'jouav-cloud-mission-planning-1.errorChannel' has 0 subscriber(s).
--------------> 2021-09-11 08:27:12 [SpringContextShutdownHook] INFO  o.s.i.endpoint.EventDrivenConsumer - stopped bean '_org.springframework.integration.errorLogger'
--------------> 2021-09-11 08:27:12 [SpringContextShutdownHook] INFO  o.s.i.endpoint.EventDrivenConsumer - Removing {router} as a subscriber to the 'inMemorySwaggerResourcesProvider_integrationflow.channel#0' channel
--------------> 2021-09-11 08:27:12 [SpringContextShutdownHook] INFO  o.s.i.channel.DirectChannel - Channel 'jouav-cloud-mission-planning-1.inMemorySwaggerResourcesProvider_integrationflow.channel#0' has 0 subscriber(s).
--------------> 2021-09-11 08:27:12 [SpringContextShutdownHook] INFO  o.s.i.endpoint.EventDrivenConsumer - stopped bean 'inMemorySwaggerResourcesProvider_integrationflow.org.springframework.integration.config.ConsumerEndpointFactoryBean#0'
--------------> 2021-09-11 08:27:12 [SpringContextShutdownHook] INFO  c.a.c.n.r.NacosServiceRegistry - De-registering from Nacos Server now...
--------------> 2021-09-11 08:27:12 [SpringContextShutdownHook] INFO  com.alibaba.nacos.client.naming - [BEAT] removing beat: DEFAULT_GROUP@@jouav-cloud-mission-planning:192.168.1.4:8908 from beat map.
--------------> 2021-09-11 08:27:12 [SpringContextShutdownHook] INFO  com.alibaba.nacos.client.naming - [DEREGISTER-SERVICE] jouav-weiran deregistering service DEFAULT_GROUP@@jouav-cloud-mission-planning with instance: Instance{instanceId='null', ip='192.168.1.4', port=8908, weight=1.0, healthy=true, enabled=true, ephemeral=true, clusterName='DEFAULT', serviceName='null', metadata={}}
--------------> 2021-09-11 08:27:12 [SpringContextShutdownHook] INFO  c.a.c.n.r.NacosServiceRegistry - De-registration finished.
--------------> 2021-09-11 08:27:12 [SpringContextShutdownHook] INFO  com.alibaba.nacos.client.naming - com.alibaba.nacos.client.naming.beat.BeatReactor do shutdown begin
--------------> 2021-09-11 08:27:12 [SpringContextShutdownHook] INFO  com.alibaba.nacos.client.naming - com.alibaba.nacos.client.naming.beat.BeatReactor do shutdown stop
--------------> 2021-09-11 08:27:12 [SpringContextShutdownHook] INFO  com.alibaba.nacos.client.naming - com.alibaba.nacos.client.naming.core.HostReactor do shutdown begin
--------------> 2021-09-11 08:27:12 [com.alibaba.nacos.client.naming.updater] INFO  com.alibaba.nacos.client.naming - removed ips(1) service: DEFAULT_GROUP@@jouav-cloud-mission-planning@@DEFAULT -> [{"instanceId":"192.168.1.4#8908#DEFAULT#DEFAULT_GROUP@@jouav-cloud-mission-planning","ip":"192.168.1.4","port":8908,"weight":1.0,"healthy":true,"enabled":true,"ephemeral":true,"clusterName":"DEFAULT","serviceName":"DEFAULT_GROUP@@jouav-cloud-mission-planning","metadata":{"preserved.register.source":"SPRING_CLOUD"},"ipDeleteTimeout":30000,"instanceHeartBeatInterval":5000,"instanceHeartBeatTimeOut":15000}]
--------------> 2021-09-11 08:27:12 [com.alibaba.nacos.client.naming.updater] INFO  com.alibaba.nacos.client.naming - current ips:(0) service: DEFAULT_GROUP@@jouav-cloud-mission-planning@@DEFAULT -> []
--------------> 2021-09-11 08:27:12 [SpringContextShutdownHook] INFO  com.alibaba.nacos.client.naming - com.alibaba.nacos.client.naming.core.PushReceiver do shutdown begin
--------------> 2021-09-11 08:27:15 [SpringContextShutdownHook] INFO  com.alibaba.nacos.client.naming - com.alibaba.nacos.client.naming.core.PushReceiver do shutdown stop
--------------> 2021-09-11 08:27:15 [SpringContextShutdownHook] INFO  com.alibaba.nacos.client.naming - com.alibaba.nacos.client.naming.backups.FailoverReactor do shutdown begin
--------------> 2021-09-11 08:27:15 [SpringContextShutdownHook] INFO  com.alibaba.nacos.client.naming - com.alibaba.nacos.client.naming.backups.FailoverReactor do shutdown stop
--------------> 2021-09-11 08:27:15 [SpringContextShutdownHook] INFO  com.alibaba.nacos.client.naming - com.alibaba.nacos.client.naming.core.HostReactor do shutdown stop
--------------> 2021-09-11 08:27:15 [SpringContextShutdownHook] INFO  com.alibaba.nacos.client.naming - com.alibaba.nacos.client.naming.net.NamingProxy do shutdown begin
--------------> 2021-09-11 08:27:15 [SpringContextShutdownHook] WARN  com.alibaba.nacos.client.naming - [NamingHttpClientManager] Start destroying NacosRestTemplate
--------------> 2021-09-11 08:27:15 [SpringContextShutdownHook] WARN  com.alibaba.nacos.client.naming - [NamingHttpClientManager] Destruction of the end
--------------> 2021-09-11 08:27:15 [SpringContextShutdownHook] INFO  c.a.n.c.identify.CredentialWatcher - [null] CredentialWatcher is stopped
--------------> 2021-09-11 08:27:15 [SpringContextShutdownHook] INFO  c.a.n.c.identify.CredentialService - [null] CredentialService is freed
--------------> 2021-09-11 08:27:15 [SpringContextShutdownHook] INFO  com.alibaba.nacos.client.naming - com.alibaba.nacos.client.naming.net.NamingProxy do shutdown stop
--------------> 2021-09-11 08:27:15 [SpringContextShutdownHook] INFO  o.s.s.c.ThreadPoolTaskExecutor - Shutting down ExecutorService 'applicationTaskExecutor'
--------------> 2021-09-11 08:27:15 [SpringContextShutdownHook] INFO  o.s.s.c.ThreadPoolTaskScheduler - Shutting down ExecutorService 'taskScheduler'
--------------> 2021-09-11 08:27:15 [SpringContextShutdownHook] WARN  o.s.b.f.s.DisposableBeanAdapter - Destroy method 'close' on bean with name 'nacosServiceRegistry' threw an exception: java.lang.NullPointerException
--------------> 2021-09-11 08:27:15 [SpringContextShutdownHook] INFO  c.alibaba.druid.pool.DruidDataSource - {dataSource-1} closed
--------------> 2021-09-11 08:27:15 [SpringContextShutdownHook] INFO  o.s.i.m.IntegrationMBeanExporter - Summary on shutdown: nullChannel
--------------> 2021-09-11 08:27:15 [SpringContextShutdownHook] INFO  o.s.i.m.IntegrationMBeanExporter - Summary on shutdown: bean 'errorChannel'
--------------> 2021-09-11 08:27:15 [SpringContextShutdownHook] INFO  o.s.i.m.IntegrationMBeanExporter - Summary on shutdown: bean 'inMemorySwaggerResourcesProvider_integrationflow.channel#0'
--------------> 2021-09-11 08:27:15 [SpringContextShutdownHook] INFO  o.s.i.m.IntegrationMBeanExporter - Summary on shutdown: bean 'inMemorySwaggerResourcesProvider-out-0'
--------------> 2021-09-11 08:27:15 [SpringContextShutdownHook] INFO  o.s.i.m.IntegrationMBeanExporter - Summary on shutdown: bean '_org.springframework.integration.errorLogger.handler' for component '_org.springframework.integration.errorLogger'
--------------> 2021-09-11 08:27:15 [SpringContextShutdownHook] INFO  o.s.i.m.IntegrationMBeanExporter - Summary on shutdown: bean 'inMemorySwaggerResourcesProvider_integrationflow.router#0' for component 'inMemorySwaggerResourcesProvider_integrationflow.org.springframework.integration.config.ConsumerEndpointFactoryBean#0'
--------------> 2021-09-11 08:27:15 [SpringContextShutdownHook] INFO  o.s.i.m.IntegrationMBeanExporter - Summary on shutdown: org.springframework.integration.endpoint.MethodInvokingMessageSource@1987807b
